#
# A fatal error has been detected by the Java Runtime Environment:
#
#  Internal Error (classFileParser.cpp:3494), pid=6898, tid=140052726114048
#  Error: ShouldNotReachHere()
#
# JRE version: 6.0_22-b22
# Java VM: OpenJDK 64-Bit Server VM (20.0-b11 mixed mode linux-amd64 compressed oops)
# Derivative: IcedTea6 1.10.2
# Distribution: Ubuntu 11.04, package 6b22-1.10.2-0ubuntu1~11.04.1
# If you would like to submit a bug report, please include
# instructions how to reproduce the bug and visit:
#   https://bugs.launchpad.net/ubuntu/+source/openjdk-6/
#

---------------  T H R E A D  ---------------

Current thread (0x000000000259b800):  JavaThread "Unknown thread" [_thread_in_vm, id=6903, stack(0x00007f6090ed6000,0x00007f6090fd7000)]

Stack: [0x00007f6090ed6000,0x00007f6090fd7000],  sp=0x00007f6090fd5040,  free space=1020k
Native frames: (J=compiled Java code, j=interpreted, Vv=VM code, C=native code)
V  [libjvm.so+0x7d0264]  VMError::report(outputStream*)+0x1244
V  [libjvm.so+0x7d0519]  VMError::report_and_die()+0x169
V  [libjvm.so+0x3d209a]  report_vm_error(char const*, int, char const*, char const*)+0x4a
V  [libjvm.so+0x365103]  ClassFileParser::parseClassFile(symbolHandle, Handle, Handle, KlassHandle, GrowableArray<Handle>*, symbolHandle&, bool, Thread*)+0x1553
V  [libjvm.so+0x36a083]  ClassLoader::load_classfile(symbolHandle, Thread*)+0x1f3
V  [libjvm.so+0x76002f]  SystemDictionary::load_instance_class(symbolHandle, Handle, Thread*)+0x3af
V  [libjvm.so+0x75e6f8]  SystemDictionary::resolve_instance_class_or_null(symbolHandle, Handle, Handle, Thread*)+0x738
V  [libjvm.so+0x760673]  SystemDictionary::resolve_or_fail(symbolHandle, Handle, Handle, bool, Thread*)+0x33
V  [libjvm.so+0x760754]  SystemDictionary::resolve_or_fail(symbolHandle, bool, Thread*)+0x14
V  [libjvm.so+0x7607f5]  SystemDictionary::initialize_wk_klass(SystemDictionary::WKID, int, Thread*)+0x95
V  [libjvm.so+0x760859]  SystemDictionary::initialize_wk_klasses_until(SystemDictionary::WKID, SystemDictionary::WKID&, Thread*)+0x59
V  [libjvm.so+0x760951]  SystemDictionary::initialize_preloaded_classes(Thread*)+0x71
V  [libjvm.so+0x7a728f]  Universe::genesis(Thread*)+0x12f
V  [libjvm.so+0x7a7c1f]  universe2_init()+0x1f
V  [libjvm.so+0x48dba5]  init_globals()+0x95
V  [libjvm.so+0x79157b]  Threads::create_vm(JavaVMInitArgs*, bool*)+0x1ab
V  [libjvm.so+0x4eb2b0]  JNI_CreateJavaVM+0x80
C  [java+0x1eee]  JavaMain+0x7e


---------------  P R O C E S S  ---------------

Java Threads: ( => current thread )

Other Threads:

=>0x000000000259b800 (exited) JavaThread "Unknown thread" [_thread_in_vm, id=6903, stack(0x00007f6090ed6000,0x00007f6090fd7000)]

VM state:not at safepoint (not fully initialized)

VM Mutex/Monitor currently owned by a thread: None

Dynamic libraries:
00400000-00409000 r-xp 00000000 08:05 270218                             /usr/lib/jvm/java-6-openjdk/jre/bin/java
00608000-00609000 r--p 00008000 08:05 270218                             /usr/lib/jvm/java-6-openjdk/jre/bin/java
00609000-0060a000 rw-p 00009000 08:05 270218                             /usr/lib/jvm/java-6-openjdk/jre/bin/java
02591000-02624000 rw-p 00000000 00:00 0                                  [heap]
cc000000-cd4c0000 rw-p 00000000 00:00 0 
cd4c0000-d6600000 rw-p 00000000 00:00 0 
d6600000-d7ae0000 rw-p 00000000 00:00 0 
d7ae0000-f2200000 rw-p 00000000 00:00 0 
f2200000-f2c60000 rw-p 00000000 00:00 0 
f2c60000-100000000 rw-p 00000000 00:00 0 
7f608a665000-7f608a6ca000 r--s 004cb000 08:06 403744                     /home/sebbe/dev/android-sdk/platforms/android-8/android.jar
7f608a6ca000-7f608a6f2000 rw-p 00000000 00:00 0 
7f608a6f2000-7f608a6f3000 ---p 00000000 00:00 0 
7f608a6f3000-7f608a7f3000 rw-p 00000000 00:00 0 
7f608a7f3000-7f608a7f4000 ---p 00000000 00:00 0 
7f608a7f4000-7f608a8f4000 rw-p 00000000 00:00 0 
7f608a8f4000-7f608a8f5000 ---p 00000000 00:00 0 
7f608a8f5000-7f608a9f5000 rw-p 00000000 00:00 0 
7f608a9f5000-7f608a9f6000 ---p 00000000 00:00 0 
7f608a9f6000-7f608ab01000 rw-p 00000000 00:00 0 
7f608ab01000-7f608ab49000 rw-p 00000000 00:00 0 
7f608ab49000-7f608ab54000 rw-p 00000000 00:00 0 
7f608ab54000-7f608ac27000 rw-p 00000000 00:00 0 
7f608ac27000-7f608ac32000 rw-p 00000000 00:00 0 
7f608ac32000-7f608ac7a000 rw-p 00000000 00:00 0 
7f608ac7a000-7f608ac85000 rw-p 00000000 00:00 0 
7f608ac85000-7f608ad58000 rw-p 00000000 00:00 0 
7f608ad58000-7f608ad5e000 rw-p 00000000 00:00 0 
7f608ad5e000-7f608adc7000 rw-p 00000000 00:00 0 
7f608adc7000-7f608adc8000 rw-p 00000000 00:00 0 
7f608adc8000-7f608b038000 rwxp 00000000 00:00 0 
7f608b038000-7f608ddc8000 rw-p 00000000 00:00 0 
7f608ddc8000-7f608ddcf000 r-xp 00000000 08:05 271094                     /usr/lib/jvm/java-6-openjdk/jre/lib/amd64/libzip.so
7f608ddcf000-7f608dfce000 ---p 00007000 08:05 271094                     /usr/lib/jvm/java-6-openjdk/jre/lib/amd64/libzip.so
7f608dfce000-7f608dfcf000 r--p 00006000 08:05 271094                     /usr/lib/jvm/java-6-openjdk/jre/lib/amd64/libzip.so
7f608dfcf000-7f608dfd0000 rw-p 00007000 08:05 271094                     /usr/lib/jvm/java-6-openjdk/jre/lib/amd64/libzip.so
7f608dfd0000-7f608dfdc000 r-xp 00000000 08:05 140418                     /lib/x86_64-linux-gnu/libnss_files-2.13.so
7f608dfdc000-7f608e1db000 ---p 0000c000 08:05 140418                     /lib/x86_64-linux-gnu/libnss_files-2.13.so
7f608e1db000-7f608e1dc000 r--p 0000b000 08:05 140418                     /lib/x86_64-linux-gnu/libnss_files-2.13.so
7f608e1dc000-7f608e1dd000 rw-p 0000c000 08:05 140418                     /lib/x86_64-linux-gnu/libnss_files-2.13.so
7f608e1dd000-7f608e1e8000 r-xp 00000000 08:05 155631                     /lib/x86_64-linux-gnu/libnss_nis-2.13.so
7f608e1e8000-7f608e3e7000 ---p 0000b000 08:05 155631                     /lib/x86_64-linux-gnu/libnss_nis-2.13.so
7f608e3e7000-7f608e3e8000 r--p 0000a000 08:05 155631                     /lib/x86_64-linux-gnu/libnss_nis-2.13.so
7f608e3e8000-7f608e3e9000 rw-p 0000b000 08:05 155631                     /lib/x86_64-linux-gnu/libnss_nis-2.13.so
7f608e3e9000-7f608e3f1000 r-xp 00000000 08:05 140416                     /lib/x86_64-linux-gnu/libnss_compat-2.13.so
7f608e3f1000-7f608e5f0000 ---p 00008000 08:05 140416                     /lib/x86_64-linux-gnu/libnss_compat-2.13.so
7f608e5f0000-7f608e5f1000 r--p 00007000 08:05 140416                     /lib/x86_64-linux-gnu/libnss_compat-2.13.so
7f608e5f1000-7f608e5f2000 rw-p 00008000 08:05 140416                     /lib/x86_64-linux-gnu/libnss_compat-2.13.so
7f608e5f2000-7f608e609000 r-xp 00000000 08:05 140415                     /lib/x86_64-linux-gnu/libnsl-2.13.so
7f608e609000-7f608e808000 ---p 00017000 08:05 140415                     /lib/x86_64-linux-gnu/libnsl-2.13.so
7f608e808000-7f608e809000 r--p 00016000 08:05 140415                     /lib/x86_64-linux-gnu/libnsl-2.13.so
7f608e809000-7f608e80a000 rw-p 00017000 08:05 140415                     /lib/x86_64-linux-gnu/libnsl-2.13.so
7f608e80a000-7f608e80c000 rw-p 00000000 00:00 0 
7f608e80c000-7f608e838000 r-xp 00000000 08:05 271092                     /usr/lib/jvm/java-6-openjdk/jre/lib/amd64/libjava.so
7f608e838000-7f608ea37000 ---p 0002c000 08:05 271092                     /usr/lib/jvm/java-6-openjdk/jre/lib/amd64/libjava.so
7f608ea37000-7f608ea38000 r--p 0002b000 08:05 271092                     /usr/lib/jvm/java-6-openjdk/jre/lib/amd64/libjava.so
7f608ea38000-7f608ea3b000 rw-p 0002c000 08:05 271092                     /usr/lib/jvm/java-6-openjdk/jre/lib/amd64/libjava.so
7f608ea3b000-7f608ea49000 r-xp 00000000 08:05 270555                     /usr/lib/jvm/java-6-openjdk/jre/lib/amd64/libverify.so
7f608ea49000-7f608ec48000 ---p 0000e000 08:05 270555                     /usr/lib/jvm/java-6-openjdk/jre/lib/amd64/libverify.so
7f608ec48000-7f608ec4a000 r--p 0000d000 08:05 270555                     /usr/lib/jvm/java-6-openjdk/jre/lib/amd64/libverify.so
7f608ec4a000-7f608ec4b000 rw-p 0000f000 08:05 270555                     /usr/lib/jvm/java-6-openjdk/jre/lib/amd64/libverify.so
7f608ec4b000-7f608ec52000 r-xp 00000000 08:05 158362                     /lib/x86_64-linux-gnu/librt-2.13.so
7f608ec52000-7f608ee51000 ---p 00007000 08:05 158362                     /lib/x86_64-linux-gnu/librt-2.13.so
7f608ee51000-7f608ee52000 r--p 00006000 08:05 158362                     /lib/x86_64-linux-gnu/librt-2.13.so
7f608ee52000-7f608ee53000 rw-p 00007000 08:05 158362                     /lib/x86_64-linux-gnu/librt-2.13.so
7f608ee53000-7f608ee68000 r-xp 00000000 08:05 133061                     /lib/x86_64-linux-gnu/libgcc_s.so.1
7f608ee68000-7f608f067000 ---p 00015000 08:05 133061                     /lib/x86_64-linux-gnu/libgcc_s.so.1
7f608f067000-7f608f068000 r--p 00014000 08:05 133061                     /lib/x86_64-linux-gnu/libgcc_s.so.1
7f608f068000-7f608f069000 rw-p 00015000 08:05 133061                     /lib/x86_64-linux-gnu/libgcc_s.so.1
7f608f069000-7f608f0ed000 r-xp 00000000 08:05 140413                     /lib/x86_64-linux-gnu/libm-2.13.so
7f608f0ed000-7f608f2ec000 ---p 00084000 08:05 140413                     /lib/x86_64-linux-gnu/libm-2.13.so
7f608f2ec000-7f608f2ed000 r--p 00083000 08:05 140413                     /lib/x86_64-linux-gnu/libm-2.13.so
7f608f2ed000-7f608f2ee000 rw-p 00084000 08:05 140413                     /lib/x86_64-linux-gnu/libm-2.13.so
7f608f2ee000-7f608f3d6000 r-xp 00000000 08:05 861                        /usr/lib/x86_64-linux-gnu/libstdc++.so.6.0.14
7f608f3d6000-7f608f5d5000 ---p 000e8000 08:05 861                        /usr/lib/x86_64-linux-gnu/libstdc++.so.6.0.14
7f608f5d5000-7f608f5dd000 r--p 000e7000 08:05 861                        /usr/lib/x86_64-linux-gnu/libstdc++.so.6.0.14
7f608f5dd000-7f608f5df000 rw-p 000ef000 08:05 861                        /usr/lib/x86_64-linux-gnu/libstdc++.so.6.0.14
7f608f5df000-7f608f5f4000 rw-p 00000000 00:00 0 
7f608f5f4000-7f608ff49000 r-xp 00000000 08:05 271097                     /usr/lib/jvm/java-6-openjdk/jre/lib/amd64/server/libjvm.so
7f608ff49000-7f6090148000 ---p 00955000 08:05 271097                     /usr/lib/jvm/java-6-openjdk/jre/lib/amd64/server/libjvm.so
7f6090148000-7f60901c9000 r--p 00954000 08:05 271097                     /usr/lib/jvm/java-6-openjdk/jre/lib/amd64/server/libjvm.so
7f60901c9000-7f60901e4000 rw-p 009d5000 08:05 271097                     /usr/lib/jvm/java-6-openjdk/jre/lib/amd64/server/libjvm.so
7f60901e4000-7f609020d000 rw-p 00000000 00:00 0 
7f609020d000-7f6090397000 r-xp 00000000 08:05 140409                     /lib/x86_64-linux-gnu/libc-2.13.so
7f6090397000-7f6090596000 ---p 0018a000 08:05 140409                     /lib/x86_64-linux-gnu/libc-2.13.so
7f6090596000-7f609059a000 r--p 00189000 08:05 140409                     /lib/x86_64-linux-gnu/libc-2.13.so
7f609059a000-7f609059b000 rw-p 0018d000 08:05 140409                     /lib/x86_64-linux-gnu/libc-2.13.so
7f609059b000-7f60905a1000 rw-p 00000000 00:00 0 
7f60905a1000-7f60905a3000 r-xp 00000000 08:05 140412                     /lib/x86_64-linux-gnu/libdl-2.13.so
7f60905a3000-7f60907a3000 ---p 00002000 08:05 140412                     /lib/x86_64-linux-gnu/libdl-2.13.so
7f60907a3000-7f60907a4000 r--p 00002000 08:05 140412                     /lib/x86_64-linux-gnu/libdl-2.13.so
7f60907a4000-7f60907a5000 rw-p 00003000 08:05 140412                     /lib/x86_64-linux-gnu/libdl-2.13.so
7f60907a5000-7f60907a9000 r-xp 00000000 08:05 270543                     /usr/lib/jvm/java-6-openjdk/jre/lib/amd64/jli/libjli.so
7f60907a9000-7f60909a8000 ---p 00004000 08:05 270543                     /usr/lib/jvm/java-6-openjdk/jre/lib/amd64/jli/libjli.so
7f60909a8000-7f60909a9000 r--p 00003000 08:05 270543                     /usr/lib/jvm/java-6-openjdk/jre/lib/amd64/jli/libjli.so
7f60909a9000-7f60909aa000 rw-p 00004000 08:05 270543                     /usr/lib/jvm/java-6-openjdk/jre/lib/amd64/jli/libjli.so
7f60909aa000-7f60909c2000 r-xp 00000000 08:05 158360                     /lib/x86_64-linux-gnu/libpthread-2.13.so
7f60909c2000-7f6090bc2000 ---p 00018000 08:05 158360                     /lib/x86_64-linux-gnu/libpthread-2.13.so
7f6090bc2000-7f6090bc3000 r--p 00018000 08:05 158360                     /lib/x86_64-linux-gnu/libpthread-2.13.so
7f6090bc3000-7f6090bc4000 rw-p 00019000 08:05 158360                     /lib/x86_64-linux-gnu/libpthread-2.13.so
7f6090bc4000-7f6090bc8000 rw-p 00000000 00:00 0 
7f6090bc8000-7f6090bdf000 r-xp 00000000 08:05 130321                     /lib/x86_64-linux-gnu/libz.so.1.2.3.4
7f6090bdf000-7f6090dde000 ---p 00017000 08:05 130321                     /lib/x86_64-linux-gnu/libz.so.1.2.3.4
7f6090dde000-7f6090ddf000 r--p 00016000 08:05 130321                     /lib/x86_64-linux-gnu/libz.so.1.2.3.4
7f6090ddf000-7f6090de0000 rw-p 00017000 08:05 130321                     /lib/x86_64-linux-gnu/libz.so.1.2.3.4
7f6090de0000-7f6090e01000 r-xp 00000000 08:05 138760                     /lib/x86_64-linux-gnu/ld-2.13.so
7f6090e16000-7f6090e20000 rw-p 00000000 00:00 0 
7f6090e20000-7f6090ed6000 rw-p 00000000 00:00 0 
7f6090ed6000-7f6090ed9000 ---p 00000000 00:00 0 
7f6090ed9000-7f6090fdc000 rw-p 00000000 00:00 0 
7f6090ff4000-7f6090ffc000 rw-s 00000000 08:05 391928                     /tmp/hsperfdata_sebbe/6898
7f6090ffc000-7f6090ffd000 rw-p 00000000 00:00 0 
7f6090ffd000-7f6090ffe000 r--p 00000000 00:00 0 
7f6090ffe000-7f6091000000 rw-p 00000000 00:00 0 
7f6091000000-7f6091001000 r--p 00020000 08:05 138760                     /lib/x86_64-linux-gnu/ld-2.13.so
7f6091001000-7f6091003000 rw-p 00021000 08:05 138760                     /lib/x86_64-linux-gnu/ld-2.13.so
7ffff2447000-7ffff2468000 rw-p 00000000 00:00 0                          [stack]
7ffff24b5000-7ffff24b6000 r-xp 00000000 00:00 0                          [vdso]
ffffffffff600000-ffffffffff601000 r-xp 00000000 00:00 0                  [vsyscall]

VM Arguments:
jvm_args: -Dfile.encoding=UTF-8 -Xbootclasspath:/home/sebbe/dev/android-sdk/platforms/android-8/android.jar:/home/sebbe/dev/android-sdk/add-ons/addon_google_apis_google_inc_8/libs/maps.jar 
java_command: nu.placebo.whatsup.network.Main
Launcher Type: SUN_STANDARD

Environment Variables:
PATH=/usr/local/sbin:/usr/local/bin:/usr/sbin:/usr/bin:/sbin:/bin:/usr/games
USERNAME=sebbe
LD_LIBRARY_PATH=/usr/lib/jvm/java-6-openjdk/jre/lib/amd64/server:/usr/lib/jvm/java-6-openjdk/jre/lib/amd64:/usr/lib/jvm/java-6-openjdk/jre/../lib/amd64
SHELL=/bin/bash
DISPLAY=:0

Signal Handlers:
SIGSEGV: [libjvm.so+0x7d0f60], sa_mask[0]=0x7ffbfeff, sa_flags=0x10000004
SIGBUS: [libjvm.so+0x7d0f60], sa_mask[0]=0x7ffbfeff, sa_flags=0x10000004
SIGFPE: [libjvm.so+0x683760], sa_mask[0]=0x7ffbfeff, sa_flags=0x10000004
SIGPIPE: [libjvm.so+0x683760], sa_mask[0]=0x7ffbfeff, sa_flags=0x10000004
SIGXFSZ: [libjvm.so+0x683760], sa_mask[0]=0x7ffbfeff, sa_flags=0x10000004
SIGILL: [libjvm.so+0x683760], sa_mask[0]=0x7ffbfeff, sa_flags=0x10000004
SIGUSR1: SIG_DFL, sa_mask[0]=0x00000000, sa_flags=0x00000000
SIGUSR2: [libjvm.so+0x683930], sa_mask[0]=0x00000004, sa_flags=0x10000004
SIGHUP: SIG_DFL, sa_mask[0]=0x00000000, sa_flags=0x00000000
SIGINT: SIG_DFL, sa_mask[0]=0x00000000, sa_flags=0x00000000
SIGTERM: SIG_DFL, sa_mask[0]=0x00000000, sa_flags=0x00000000
SIGQUIT: SIG_DFL, sa_mask[0]=0x00000000, sa_flags=0x00000000


---------------  S Y S T E M  ---------------

OS:Ubuntu 11.04 (natty)
uname:Linux 2.6.38-11-generic #50-Ubuntu SMP Mon Sep 12 21:17:25 UTC 2011 x86_64
libc:glibc 2.13 NPTL 2.13 
rlimit: STACK 8192k, CORE 0k, NPROC infinity, NOFILE 4096, AS infinity
load average:0.00 0.04 0.05

/proc/meminfo:
MemTotal:        2046836 kB
MemFree:           29452 kB
Buffers:            5368 kB
Cached:           241636 kB
SwapCached:        99604 kB
Active:          1365984 kB
Inactive:         473192 kB
Active(anon):    1309216 kB
Inactive(anon):   422528 kB
Active(file):      56768 kB
Inactive(file):    50664 kB
Unevictable:         128 kB
Mlocked:              32 kB
SwapTotal:       1998844 kB
SwapFree:        1380412 kB
Dirty:               196 kB
Writeback:             0 kB
AnonPages:       1535212 kB
Mapped:            75892 kB
Shmem:            139228 kB
Slab:              53244 kB
SReclaimable:      25828 kB
SUnreclaim:        27416 kB
KernelStack:        3744 kB
PageTables:        42172 kB
NFS_Unstable:          0 kB
Bounce:                0 kB
WritebackTmp:          0 kB
CommitLimit:     3022260 kB
Committed_AS:    4775124 kB
VmallocTotal:   34359738367 kB
VmallocUsed:      603252 kB
VmallocChunk:   34359109376 kB
HardwareCorrupted:     0 kB
HugePages_Total:       0
HugePages_Free:        0
HugePages_Rsvd:        0
HugePages_Surp:        0
Hugepagesize:       2048 kB
DirectMap4k:       72064 kB
DirectMap2M:     2015232 kB


CPU:total 4 (2 cores per cpu, 2 threads per core) family 6 model 28 stepping 10, cmov, cx8, fxsr, mmx, sse, sse2, sse3, ssse3, ht

Memory: 4k page, physical 2046836k(29452k free), swap 1998844k(1380412k free)

vm_info: OpenJDK 64-Bit Server VM (20.0-b11) for linux-amd64 JRE (1.6.0_22-b22), built on Jun 11 2011 05:56:16 by "buildd" with gcc 4.5.2

time: Tue Sep 27 16:43:14 2011
elapsed time: 0 seconds

