#
# A fatal error has been detected by the Java Runtime Environment:
#
#  Internal Error (classFileParser.cpp:3494), pid=6426, tid=140390206134016
#  Error: ShouldNotReachHere()
#
# JRE version: 6.0_22-b22
# Java VM: OpenJDK 64-Bit Server VM (20.0-b11 mixed mode linux-amd64 compressed oops)
# Derivative: IcedTea6 1.10.2
# Distribution: Ubuntu 11.04, package 6b22-1.10.2-0ubuntu1~11.04.1
# If you would like to submit a bug report, please include
# instructions how to reproduce the bug and visit:
#   https://bugs.launchpad.net/ubuntu/+source/openjdk-6/
#

---------------  T H R E A D  ---------------

Current thread (0x0000000000e73800):  JavaThread "Unknown thread" [_thread_in_vm, id=6431, stack(0x00007faf244dd000,0x00007faf245de000)]

Stack: [0x00007faf244dd000,0x00007faf245de000],  sp=0x00007faf245dc040,  free space=1020k
Native frames: (J=compiled Java code, j=interpreted, Vv=VM code, C=native code)
V  [libjvm.so+0x7d0264]  VMError::report(outputStream*)+0x1244
V  [libjvm.so+0x7d0519]  VMError::report_and_die()+0x169
V  [libjvm.so+0x3d209a]  report_vm_error(char const*, int, char const*, char const*)+0x4a
V  [libjvm.so+0x365103]  ClassFileParser::parseClassFile(symbolHandle, Handle, Handle, KlassHandle, GrowableArray<Handle>*, symbolHandle&, bool, Thread*)+0x1553
V  [libjvm.so+0x36a083]  ClassLoader::load_classfile(symbolHandle, Thread*)+0x1f3
V  [libjvm.so+0x76002f]  SystemDictionary::load_instance_class(symbolHandle, Handle, Thread*)+0x3af
V  [libjvm.so+0x75e6f8]  SystemDictionary::resolve_instance_class_or_null(symbolHandle, Handle, Handle, Thread*)+0x738
V  [libjvm.so+0x760673]  SystemDictionary::resolve_or_fail(symbolHandle, Handle, Handle, bool, Thread*)+0x33
V  [libjvm.so+0x760754]  SystemDictionary::resolve_or_fail(symbolHandle, bool, Thread*)+0x14
V  [libjvm.so+0x7607f5]  SystemDictionary::initialize_wk_klass(SystemDictionary::WKID, int, Thread*)+0x95
V  [libjvm.so+0x760859]  SystemDictionary::initialize_wk_klasses_until(SystemDictionary::WKID, SystemDictionary::WKID&, Thread*)+0x59
V  [libjvm.so+0x760951]  SystemDictionary::initialize_preloaded_classes(Thread*)+0x71
V  [libjvm.so+0x7a728f]  Universe::genesis(Thread*)+0x12f
V  [libjvm.so+0x7a7c1f]  universe2_init()+0x1f
V  [libjvm.so+0x48dba5]  init_globals()+0x95
V  [libjvm.so+0x79157b]  Threads::create_vm(JavaVMInitArgs*, bool*)+0x1ab
V  [libjvm.so+0x4eb2b0]  JNI_CreateJavaVM+0x80
C  [java+0x1eee]  JavaMain+0x7e


---------------  P R O C E S S  ---------------

Java Threads: ( => current thread )

Other Threads:

=>0x0000000000e73800 (exited) JavaThread "Unknown thread" [_thread_in_vm, id=6431, stack(0x00007faf244dd000,0x00007faf245de000)]

VM state:not at safepoint (not fully initialized)

VM Mutex/Monitor currently owned by a thread: None

Dynamic libraries:
00400000-00409000 r-xp 00000000 08:05 270218                             /usr/lib/jvm/java-6-openjdk/jre/bin/java
00608000-00609000 r--p 00008000 08:05 270218                             /usr/lib/jvm/java-6-openjdk/jre/bin/java
00609000-0060a000 rw-p 00009000 08:05 270218                             /usr/lib/jvm/java-6-openjdk/jre/bin/java
00e69000-00efc000 rw-p 00000000 00:00 0                                  [heap]
cc000000-cd4c0000 rw-p 00000000 00:00 0 
cd4c0000-d6600000 rw-p 00000000 00:00 0 
d6600000-d7ae0000 rw-p 00000000 00:00 0 
d7ae0000-f2200000 rw-p 00000000 00:00 0 
f2200000-f2c60000 rw-p 00000000 00:00 0 
f2c60000-100000000 rw-p 00000000 00:00 0 
7faf1dc6c000-7faf1dcd1000 r--s 004cb000 08:06 403744                     /home/sebbe/dev/android-sdk/platforms/android-8/android.jar
7faf1dcd1000-7faf1dcf9000 rw-p 00000000 00:00 0 
7faf1dcf9000-7faf1dcfa000 ---p 00000000 00:00 0 
7faf1dcfa000-7faf1ddfa000 rw-p 00000000 00:00 0 
7faf1ddfa000-7faf1ddfb000 ---p 00000000 00:00 0 
7faf1ddfb000-7faf1defb000 rw-p 00000000 00:00 0 
7faf1defb000-7faf1defc000 ---p 00000000 00:00 0 
7faf1defc000-7faf1dffc000 rw-p 00000000 00:00 0 
7faf1dffc000-7faf1dffd000 ---p 00000000 00:00 0 
7faf1dffd000-7faf1e108000 rw-p 00000000 00:00 0 
7faf1e108000-7faf1e150000 rw-p 00000000 00:00 0 
7faf1e150000-7faf1e15b000 rw-p 00000000 00:00 0 
7faf1e15b000-7faf1e22e000 rw-p 00000000 00:00 0 
7faf1e22e000-7faf1e239000 rw-p 00000000 00:00 0 
7faf1e239000-7faf1e281000 rw-p 00000000 00:00 0 
7faf1e281000-7faf1e28c000 rw-p 00000000 00:00 0 
7faf1e28c000-7faf1e35f000 rw-p 00000000 00:00 0 
7faf1e35f000-7faf1e365000 rw-p 00000000 00:00 0 
7faf1e365000-7faf1e3ce000 rw-p 00000000 00:00 0 
7faf1e3ce000-7faf1e3cf000 rw-p 00000000 00:00 0 
7faf1e3cf000-7faf1e63f000 rwxp 00000000 00:00 0 
7faf1e63f000-7faf213cf000 rw-p 00000000 00:00 0 
7faf213cf000-7faf213d6000 r-xp 00000000 08:05 271094                     /usr/lib/jvm/java-6-openjdk/jre/lib/amd64/libzip.so
7faf213d6000-7faf215d5000 ---p 00007000 08:05 271094                     /usr/lib/jvm/java-6-openjdk/jre/lib/amd64/libzip.so
7faf215d5000-7faf215d6000 r--p 00006000 08:05 271094                     /usr/lib/jvm/java-6-openjdk/jre/lib/amd64/libzip.so
7faf215d6000-7faf215d7000 rw-p 00007000 08:05 271094                     /usr/lib/jvm/java-6-openjdk/jre/lib/amd64/libzip.so
7faf215d7000-7faf215e3000 r-xp 00000000 08:05 140418                     /lib/x86_64-linux-gnu/libnss_files-2.13.so
7faf215e3000-7faf217e2000 ---p 0000c000 08:05 140418                     /lib/x86_64-linux-gnu/libnss_files-2.13.so
7faf217e2000-7faf217e3000 r--p 0000b000 08:05 140418                     /lib/x86_64-linux-gnu/libnss_files-2.13.so
7faf217e3000-7faf217e4000 rw-p 0000c000 08:05 140418                     /lib/x86_64-linux-gnu/libnss_files-2.13.so
7faf217e4000-7faf217ef000 r-xp 00000000 08:05 155631                     /lib/x86_64-linux-gnu/libnss_nis-2.13.so
7faf217ef000-7faf219ee000 ---p 0000b000 08:05 155631                     /lib/x86_64-linux-gnu/libnss_nis-2.13.so
7faf219ee000-7faf219ef000 r--p 0000a000 08:05 155631                     /lib/x86_64-linux-gnu/libnss_nis-2.13.so
7faf219ef000-7faf219f0000 rw-p 0000b000 08:05 155631                     /lib/x86_64-linux-gnu/libnss_nis-2.13.so
7faf219f0000-7faf219f8000 r-xp 00000000 08:05 140416                     /lib/x86_64-linux-gnu/libnss_compat-2.13.so
7faf219f8000-7faf21bf7000 ---p 00008000 08:05 140416                     /lib/x86_64-linux-gnu/libnss_compat-2.13.so
7faf21bf7000-7faf21bf8000 r--p 00007000 08:05 140416                     /lib/x86_64-linux-gnu/libnss_compat-2.13.so
7faf21bf8000-7faf21bf9000 rw-p 00008000 08:05 140416                     /lib/x86_64-linux-gnu/libnss_compat-2.13.so
7faf21bf9000-7faf21c10000 r-xp 00000000 08:05 140415                     /lib/x86_64-linux-gnu/libnsl-2.13.so
7faf21c10000-7faf21e0f000 ---p 00017000 08:05 140415                     /lib/x86_64-linux-gnu/libnsl-2.13.so
7faf21e0f000-7faf21e10000 r--p 00016000 08:05 140415                     /lib/x86_64-linux-gnu/libnsl-2.13.so
7faf21e10000-7faf21e11000 rw-p 00017000 08:05 140415                     /lib/x86_64-linux-gnu/libnsl-2.13.so
7faf21e11000-7faf21e13000 rw-p 00000000 00:00 0 
7faf21e13000-7faf21e3f000 r-xp 00000000 08:05 271092                     /usr/lib/jvm/java-6-openjdk/jre/lib/amd64/libjava.so
7faf21e3f000-7faf2203e000 ---p 0002c000 08:05 271092                     /usr/lib/jvm/java-6-openjdk/jre/lib/amd64/libjava.so
7faf2203e000-7faf2203f000 r--p 0002b000 08:05 271092                     /usr/lib/jvm/java-6-openjdk/jre/lib/amd64/libjava.so
7faf2203f000-7faf22042000 rw-p 0002c000 08:05 271092                     /usr/lib/jvm/java-6-openjdk/jre/lib/amd64/libjava.so
7faf22042000-7faf22050000 r-xp 00000000 08:05 270555                     /usr/lib/jvm/java-6-openjdk/jre/lib/amd64/libverify.so
7faf22050000-7faf2224f000 ---p 0000e000 08:05 270555                     /usr/lib/jvm/java-6-openjdk/jre/lib/amd64/libverify.so
7faf2224f000-7faf22251000 r--p 0000d000 08:05 270555                     /usr/lib/jvm/java-6-openjdk/jre/lib/amd64/libverify.so
7faf22251000-7faf22252000 rw-p 0000f000 08:05 270555                     /usr/lib/jvm/java-6-openjdk/jre/lib/amd64/libverify.so
7faf22252000-7faf22259000 r-xp 00000000 08:05 158362                     /lib/x86_64-linux-gnu/librt-2.13.so
7faf22259000-7faf22458000 ---p 00007000 08:05 158362                     /lib/x86_64-linux-gnu/librt-2.13.so
7faf22458000-7faf22459000 r--p 00006000 08:05 158362                     /lib/x86_64-linux-gnu/librt-2.13.so
7faf22459000-7faf2245a000 rw-p 00007000 08:05 158362                     /lib/x86_64-linux-gnu/librt-2.13.so
7faf2245a000-7faf2246f000 r-xp 00000000 08:05 133061                     /lib/x86_64-linux-gnu/libgcc_s.so.1
7faf2246f000-7faf2266e000 ---p 00015000 08:05 133061                     /lib/x86_64-linux-gnu/libgcc_s.so.1
7faf2266e000-7faf2266f000 r--p 00014000 08:05 133061                     /lib/x86_64-linux-gnu/libgcc_s.so.1
7faf2266f000-7faf22670000 rw-p 00015000 08:05 133061                     /lib/x86_64-linux-gnu/libgcc_s.so.1
7faf22670000-7faf226f4000 r-xp 00000000 08:05 140413                     /lib/x86_64-linux-gnu/libm-2.13.so
7faf226f4000-7faf228f3000 ---p 00084000 08:05 140413                     /lib/x86_64-linux-gnu/libm-2.13.so
7faf228f3000-7faf228f4000 r--p 00083000 08:05 140413                     /lib/x86_64-linux-gnu/libm-2.13.so
7faf228f4000-7faf228f5000 rw-p 00084000 08:05 140413                     /lib/x86_64-linux-gnu/libm-2.13.so
7faf228f5000-7faf229dd000 r-xp 00000000 08:05 861                        /usr/lib/x86_64-linux-gnu/libstdc++.so.6.0.14
7faf229dd000-7faf22bdc000 ---p 000e8000 08:05 861                        /usr/lib/x86_64-linux-gnu/libstdc++.so.6.0.14
7faf22bdc000-7faf22be4000 r--p 000e7000 08:05 861                        /usr/lib/x86_64-linux-gnu/libstdc++.so.6.0.14
7faf22be4000-7faf22be6000 rw-p 000ef000 08:05 861                        /usr/lib/x86_64-linux-gnu/libstdc++.so.6.0.14
7faf22be6000-7faf22bfb000 rw-p 00000000 00:00 0 
7faf22bfb000-7faf23550000 r-xp 00000000 08:05 271097                     /usr/lib/jvm/java-6-openjdk/jre/lib/amd64/server/libjvm.so
7faf23550000-7faf2374f000 ---p 00955000 08:05 271097                     /usr/lib/jvm/java-6-openjdk/jre/lib/amd64/server/libjvm.so
7faf2374f000-7faf237d0000 r--p 00954000 08:05 271097                     /usr/lib/jvm/java-6-openjdk/jre/lib/amd64/server/libjvm.so
7faf237d0000-7faf237eb000 rw-p 009d5000 08:05 271097                     /usr/lib/jvm/java-6-openjdk/jre/lib/amd64/server/libjvm.so
7faf237eb000-7faf23814000 rw-p 00000000 00:00 0 
7faf23814000-7faf2399e000 r-xp 00000000 08:05 140409                     /lib/x86_64-linux-gnu/libc-2.13.so
7faf2399e000-7faf23b9d000 ---p 0018a000 08:05 140409                     /lib/x86_64-linux-gnu/libc-2.13.so
7faf23b9d000-7faf23ba1000 r--p 00189000 08:05 140409                     /lib/x86_64-linux-gnu/libc-2.13.so
7faf23ba1000-7faf23ba2000 rw-p 0018d000 08:05 140409                     /lib/x86_64-linux-gnu/libc-2.13.so
7faf23ba2000-7faf23ba8000 rw-p 00000000 00:00 0 
7faf23ba8000-7faf23baa000 r-xp 00000000 08:05 140412                     /lib/x86_64-linux-gnu/libdl-2.13.so
7faf23baa000-7faf23daa000 ---p 00002000 08:05 140412                     /lib/x86_64-linux-gnu/libdl-2.13.so
7faf23daa000-7faf23dab000 r--p 00002000 08:05 140412                     /lib/x86_64-linux-gnu/libdl-2.13.so
7faf23dab000-7faf23dac000 rw-p 00003000 08:05 140412                     /lib/x86_64-linux-gnu/libdl-2.13.so
7faf23dac000-7faf23db0000 r-xp 00000000 08:05 270543                     /usr/lib/jvm/java-6-openjdk/jre/lib/amd64/jli/libjli.so
7faf23db0000-7faf23faf000 ---p 00004000 08:05 270543                     /usr/lib/jvm/java-6-openjdk/jre/lib/amd64/jli/libjli.so
7faf23faf000-7faf23fb0000 r--p 00003000 08:05 270543                     /usr/lib/jvm/java-6-openjdk/jre/lib/amd64/jli/libjli.so
7faf23fb0000-7faf23fb1000 rw-p 00004000 08:05 270543                     /usr/lib/jvm/java-6-openjdk/jre/lib/amd64/jli/libjli.so
7faf23fb1000-7faf23fc9000 r-xp 00000000 08:05 158360                     /lib/x86_64-linux-gnu/libpthread-2.13.so
7faf23fc9000-7faf241c9000 ---p 00018000 08:05 158360                     /lib/x86_64-linux-gnu/libpthread-2.13.so
7faf241c9000-7faf241ca000 r--p 00018000 08:05 158360                     /lib/x86_64-linux-gnu/libpthread-2.13.so
7faf241ca000-7faf241cb000 rw-p 00019000 08:05 158360                     /lib/x86_64-linux-gnu/libpthread-2.13.so
7faf241cb000-7faf241cf000 rw-p 00000000 00:00 0 
7faf241cf000-7faf241e6000 r-xp 00000000 08:05 130321                     /lib/x86_64-linux-gnu/libz.so.1.2.3.4
7faf241e6000-7faf243e5000 ---p 00017000 08:05 130321                     /lib/x86_64-linux-gnu/libz.so.1.2.3.4
7faf243e5000-7faf243e6000 r--p 00016000 08:05 130321                     /lib/x86_64-linux-gnu/libz.so.1.2.3.4
7faf243e6000-7faf243e7000 rw-p 00017000 08:05 130321                     /lib/x86_64-linux-gnu/libz.so.1.2.3.4
7faf243e7000-7faf24408000 r-xp 00000000 08:05 138760                     /lib/x86_64-linux-gnu/ld-2.13.so
7faf2441d000-7faf24427000 rw-p 00000000 00:00 0 
7faf24427000-7faf244dd000 rw-p 00000000 00:00 0 
7faf244dd000-7faf244e0000 ---p 00000000 00:00 0 
7faf244e0000-7faf245e3000 rw-p 00000000 00:00 0 
7faf245fb000-7faf24603000 rw-s 00000000 08:05 391928                     /tmp/hsperfdata_sebbe/6426
7faf24603000-7faf24604000 rw-p 00000000 00:00 0 
7faf24604000-7faf24605000 r--p 00000000 00:00 0 
7faf24605000-7faf24607000 rw-p 00000000 00:00 0 
7faf24607000-7faf24608000 r--p 00020000 08:05 138760                     /lib/x86_64-linux-gnu/ld-2.13.so
7faf24608000-7faf2460a000 rw-p 00021000 08:05 138760                     /lib/x86_64-linux-gnu/ld-2.13.so
7fff2f01a000-7fff2f03b000 rw-p 00000000 00:00 0                          [stack]
7fff2f09e000-7fff2f09f000 r-xp 00000000 00:00 0                          [vdso]
ffffffffff600000-ffffffffff601000 r-xp 00000000 00:00 0                  [vsyscall]

VM Arguments:
jvm_args: -Dfile.encoding=UTF-8 -Xbootclasspath:/home/sebbe/dev/android-sdk/platforms/android-8/android.jar:/home/sebbe/dev/android-sdk/add-ons/addon_google_apis_google_inc_8/libs/maps.jar 
java_command: nu.placebo.whatsup.network.Main
Launcher Type: SUN_STANDARD

Environment Variables:
PATH=/usr/local/sbin:/usr/local/bin:/usr/sbin:/usr/bin:/sbin:/bin:/usr/games
USERNAME=sebbe
LD_LIBRARY_PATH=/usr/lib/jvm/java-6-openjdk/jre/lib/amd64/server:/usr/lib/jvm/java-6-openjdk/jre/lib/amd64:/usr/lib/jvm/java-6-openjdk/jre/../lib/amd64
SHELL=/bin/bash
DISPLAY=:0

Signal Handlers:
SIGSEGV: [libjvm.so+0x7d0f60], sa_mask[0]=0x7ffbfeff, sa_flags=0x10000004
SIGBUS: [libjvm.so+0x7d0f60], sa_mask[0]=0x7ffbfeff, sa_flags=0x10000004
SIGFPE: [libjvm.so+0x683760], sa_mask[0]=0x7ffbfeff, sa_flags=0x10000004
SIGPIPE: [libjvm.so+0x683760], sa_mask[0]=0x7ffbfeff, sa_flags=0x10000004
SIGXFSZ: [libjvm.so+0x683760], sa_mask[0]=0x7ffbfeff, sa_flags=0x10000004
SIGILL: [libjvm.so+0x683760], sa_mask[0]=0x7ffbfeff, sa_flags=0x10000004
SIGUSR1: SIG_DFL, sa_mask[0]=0x00000000, sa_flags=0x00000000
SIGUSR2: [libjvm.so+0x683930], sa_mask[0]=0x00000004, sa_flags=0x10000004
SIGHUP: SIG_DFL, sa_mask[0]=0x00000000, sa_flags=0x00000000
SIGINT: SIG_DFL, sa_mask[0]=0x00000000, sa_flags=0x00000000
SIGTERM: SIG_DFL, sa_mask[0]=0x00000000, sa_flags=0x00000000
SIGQUIT: SIG_DFL, sa_mask[0]=0x00000000, sa_flags=0x00000000


---------------  S Y S T E M  ---------------

OS:Ubuntu 11.04 (natty)
uname:Linux 2.6.38-11-generic #50-Ubuntu SMP Mon Sep 12 21:17:25 UTC 2011 x86_64
libc:glibc 2.13 NPTL 2.13 
rlimit: STACK 8192k, CORE 0k, NPROC infinity, NOFILE 4096, AS infinity
load average:0.07 0.07 0.08

/proc/meminfo:
MemTotal:        2046836 kB
MemFree:           38768 kB
Buffers:           18160 kB
Cached:           283580 kB
SwapCached:        93964 kB
Active:          1315992 kB
Inactive:         517652 kB
Active(anon):    1256228 kB
Inactive(anon):   409072 kB
Active(file):      59764 kB
Inactive(file):   108580 kB
Unevictable:         128 kB
Mlocked:              32 kB
SwapTotal:       1998844 kB
SwapFree:        1454424 kB
Dirty:               212 kB
Writeback:             0 kB
AnonPages:       1480380 kB
Mapped:            87032 kB
Shmem:            133024 kB
Slab:              51880 kB
SReclaimable:      24848 kB
SUnreclaim:        27032 kB
KernelStack:        3672 kB
PageTables:        41420 kB
NFS_Unstable:          0 kB
Bounce:                0 kB
WritebackTmp:          0 kB
CommitLimit:     3022260 kB
Committed_AS:    4612352 kB
VmallocTotal:   34359738367 kB
VmallocUsed:      603300 kB
VmallocChunk:   34359107748 kB
HardwareCorrupted:     0 kB
HugePages_Total:       0
HugePages_Free:        0
HugePages_Rsvd:        0
HugePages_Surp:        0
Hugepagesize:       2048 kB
DirectMap4k:       72064 kB
DirectMap2M:     2015232 kB


CPU:total 4 (2 cores per cpu, 2 threads per core) family 6 model 28 stepping 10, cmov, cx8, fxsr, mmx, sse, sse2, sse3, ssse3, ht

Memory: 4k page, physical 2046836k(38768k free), swap 1998844k(1454424k free)

vm_info: OpenJDK 64-Bit Server VM (20.0-b11) for linux-amd64 JRE (1.6.0_22-b22), built on Jun 11 2011 05:56:16 by "buildd" with gcc 4.5.2

time: Tue Sep 27 16:21:22 2011
elapsed time: 0 seconds

